  stb_image_aug.c
d:\linliang\opnegl\soil-master (2)\soil-master\src\stb_image_aug.c(177): warning C4996: 'fopen': This function or variable may be unsafe. Consider using fopen_s instead. To disable deprecation, use _CRT_SECURE_NO_WARNINGS. See online help for details.
  c:\program files (x86)\windows kits\10\include\10.0.10240.0\ucrt\stdio.h(205): note: 参见“fopen”的声明
d:\linliang\opnegl\soil-master (2)\soil-master\src\stb_image_aug.c(251): warning C4996: 'fopen': This function or variable may be unsafe. Consider using fopen_s instead. To disable deprecation, use _CRT_SECURE_NO_WARNINGS. See online help for details.
  c:\program files (x86)\windows kits\10\include\10.0.10240.0\ucrt\stdio.h(205): note: 参见“fopen”的声明
d:\linliang\opnegl\soil-master (2)\soil-master\src\stb_image_aug.c(303): warning C4996: 'fopen': This function or variable may be unsafe. Consider using fopen_s instead. To disable deprecation, use _CRT_SECURE_NO_WARNINGS. See online help for details.
  c:\program files (x86)\windows kits\10\include\10.0.10240.0\ucrt\stdio.h(205): note: 参见“fopen”的声明
d:\linliang\opnegl\soil-master (2)\soil-master\src\stb_image_aug.c(1557): warning C4996: 'fopen': This function or variable may be unsafe. Consider using fopen_s instead. To disable deprecation, use _CRT_SECURE_NO_WARNINGS. See online help for details.
  c:\program files (x86)\windows kits\10\include\10.0.10240.0\ucrt\stdio.h(205): note: 参见“fopen”的声明
d:\linliang\opnegl\soil-master (2)\soil-master\src\stb_image_aug.c(2394): warning C4996: 'fopen': This function or variable may be unsafe. Consider using fopen_s instead. To disable deprecation, use _CRT_SECURE_NO_WARNINGS. See online help for details.
  c:\program files (x86)\windows kits\10\include\10.0.10240.0\ucrt\stdio.h(205): note: 参见“fopen”的声明
d:\linliang\opnegl\soil-master (2)\soil-master\src\stb_image_aug.c(2709): warning C4996: 'fopen': This function or variable may be unsafe. Consider using fopen_s instead. To disable deprecation, use _CRT_SECURE_NO_WARNINGS. See online help for details.
  c:\program files (x86)\windows kits\10\include\10.0.10240.0\ucrt\stdio.h(205): note: 参见“fopen”的声明
d:\linliang\opnegl\soil-master (2)\soil-master\src\stb_image_aug.c(2995): warning C4996: 'fopen': This function or variable may be unsafe. Consider using fopen_s instead. To disable deprecation, use _CRT_SECURE_NO_WARNINGS. See online help for details.
  c:\program files (x86)\windows kits\10\include\10.0.10240.0\ucrt\stdio.h(205): note: 参见“fopen”的声明
d:\linliang\opnegl\soil-master (2)\soil-master\src\stb_image_aug.c(3209): warning C4996: 'fopen': This function or variable may be unsafe. Consider using fopen_s instead. To disable deprecation, use _CRT_SECURE_NO_WARNINGS. See online help for details.
  c:\program files (x86)\windows kits\10\include\10.0.10240.0\ucrt\stdio.h(205): note: 参见“fopen”的声明
d:\linliang\opnegl\soil-master (2)\soil-master\src\stb_image_aug.c(3548): warning C4996: 'fopen': This function or variable may be unsafe. Consider using fopen_s instead. To disable deprecation, use _CRT_SECURE_NO_WARNINGS. See online help for details.
  c:\program files (x86)\windows kits\10\include\10.0.10240.0\ucrt\stdio.h(205): note: 参见“fopen”的声明
d:\linliang\opnegl\soil-master (2)\soil-master\src\stb_image_aug.c(3644): warning C4996: 'fopen': This function or variable may be unsafe. Consider using fopen_s instead. To disable deprecation, use _CRT_SECURE_NO_WARNINGS. See online help for details.
  c:\program files (x86)\windows kits\10\include\10.0.10240.0\ucrt\stdio.h(205): note: 参见“fopen”的声明
d:\linliang\opnegl\soil-master (2)\soil-master\src\stbi_dds_aug_c.h(362): warning C4018: “>”: 有符号/无符号不匹配
d:\linliang\opnegl\soil-master (2)\soil-master\src\stbi_dds_aug_c.h(366): warning C4018: “>”: 有符号/无符号不匹配
d:\linliang\opnegl\soil-master (2)\soil-master\src\stbi_dds_aug_c.h(390): warning C4018: “<”: 有符号/无符号不匹配
d:\linliang\opnegl\soil-master (2)\soil-master\src\stbi_dds_aug_c.h(427): warning C4018: “<”: 有符号/无符号不匹配
d:\linliang\opnegl\soil-master (2)\soil-master\src\stbi_dds_aug_c.h(498): warning C4996: 'fopen': This function or variable may be unsafe. Consider using fopen_s instead. To disable deprecation, use _CRT_SECURE_NO_WARNINGS. See online help for details.
  c:\program files (x86)\windows kits\10\include\10.0.10240.0\ucrt\stdio.h(205): note: 参见“fopen”的声明
  SOIL.c
d:\linliang\opnegl\soil-master (2)\soil-master\src\soil.c(1724): warning C4018: “<=”: 有符号/无符号不匹配
d:\linliang\opnegl\soil-master (2)\soil-master\src\soil.c(1734): warning C4018: “<”: 有符号/无符号不匹配
d:\linliang\opnegl\soil-master (2)\soil-master\src\soil.c(1846): warning C4996: 'fopen': This function or variable may be unsafe. Consider using fopen_s instead. To disable deprecation, use _CRT_SECURE_NO_WARNINGS. See online help for details.
  c:\program files (x86)\windows kits\10\include\10.0.10240.0\ucrt\stdio.h(205): note: 参见“fopen”的声明
  image_helper.c
d:\linliang\opnegl\soil-master (2)\soil-master\src\image_helper.c(325): warning C4244: “初始化”: 从“double”转换到“float”，可能丢失数据
d:\linliang\opnegl\soil-master (2)\soil-master\src\image_helper.c(366): warning C4244: “=”: 从“double”转换到“float”，可能丢失数据
d:\linliang\opnegl\soil-master (2)\soil-master\src\image_helper.c(373): warning C4244: “=”: 从“float”转换到“int”，可能丢失数据
d:\linliang\opnegl\soil-master (2)\soil-master\src\image_helper.c(415): warning C4244: “=”: 从“double”转换到“float”，可能丢失数据
d:\linliang\opnegl\soil-master (2)\soil-master\src\image_helper.c(422): warning C4244: “=”: 从“float”转换到“int”，可能丢失数据
  image_DXT.c
d:\linliang\opnegl\soil-master (2)\soil-master\src\image_dxt.c(92): warning C4996: 'fopen': This function or variable may be unsafe. Consider using fopen_s instead. To disable deprecation, use _CRT_SECURE_NO_WARNINGS. See online help for details.
  c:\program files (x86)\windows kits\10\include\10.0.10240.0\ucrt\stdio.h(205): note: 参见“fopen”的声明
  正在生成代码...
  SOIL.vcxproj -> D:\linliang\opneGL\SOIL-master (2)\SOIL-master\projects\VC8\Debug\SOIL.lib
